2026-04-01 00:00:29.446 [http-nio-8093-exec-6] INFO  c.t.m.c.AppointmentController - Booking appointment for doctor 4
2026-04-01 00:01:17.389 [http-nio-8093-exec-5] INFO  c.t.m.c.AppointmentController - appointment logs
2026-04-01 00:01:17.402 [http-nio-8093-exec-6] INFO  c.t.m.c.AppointmentController - appointment logs
2026-04-01 00:01:59.801 [http-nio-8093-exec-1] INFO  c.t.m.c.AppointmentController - appointment logs
2026-04-01 00:01:59.812 [http-nio-8093-exec-2] INFO  c.t.m.c.AppointmentController - appointment logs
2026-04-01 00:02:23.024 [http-nio-8093-exec-1] INFO  c.t.m.c.AppointmentController - appointment logs
2026-04-01 00:02:23.036 [http-nio-8093-exec-2] INFO  c.t.m.c.AppointmentController - appointment logs
2026-04-01 00:02:35.114 [http-nio-8093-exec-7] INFO  c.t.m.c.AppointmentController - appointment logs
2026-04-01 00:02:35.126 [http-nio-8093-exec-8] INFO  c.t.m.c.AppointmentController - appointment logs
2026-04-01 00:02:42.947 [AsyncResolver-bootstrap-executor-%d] INFO  c.n.d.s.r.aws.ConfigClusterResolver - Resolving eureka endpoints via configuration
2026-04-01 00:03:53.881 [http-nio-8093-exec-7] INFO  c.t.m.c.AppointmentController - appointment logs
2026-04-01 00:03:53.894 [http-nio-8093-exec-8] INFO  c.t.m.c.AppointmentController - appointment logs
2026-04-01 00:05:00.494 [http-nio-8093-exec-4] INFO  c.t.m.c.AppointmentController - appointment logs
2026-04-01 00:05:00.507 [http-nio-8093-exec-5] INFO  c.t.m.c.AppointmentController - appointment logs
2026-04-01 00:07:42.948 [AsyncResolver-bootstrap-executor-%d] INFO  c.n.d.s.r.aws.ConfigClusterResolver - Resolving eureka endpoints via configuration
2026-04-01 00:12:42.955 [AsyncResolver-bootstrap-executor-%d] INFO  c.n.d.s.r.aws.ConfigClusterResolver - Resolving eureka endpoints via configuration
2026-04-01 00:12:48.624 [SpringApplicationShutdownHook] INFO  o.s.c.n.e.s.EurekaServiceRegistry - Unregistering application APPOINTMENT-SERVICE with eureka with status DOWN
2026-04-01 00:12:48.624 [SpringApplicationShutdownHook] INFO  c.netflix.discovery.DiscoveryClient - Saw local status change event StatusChangeEvent [timestamp=1774998768624, current=DOWN, previous=UP]
2026-04-01 00:12:48.624 [DiscoveryClient-InstanceInfoReplicator-%d] INFO  c.netflix.discovery.DiscoveryClient - DiscoveryClient_APPOINTMENT-SERVICE/192.168.0.120:appointment-service:8093: registering service...
2026-04-01 00:12:48.627 [SpringApplicationShutdownHook] INFO  o.s.b.w.e.tomcat.GracefulShutdown - Commencing graceful shutdown. Waiting for active requests to complete
2026-04-01 00:12:48.630 [tomcat-shutdown] INFO  o.s.b.w.e.tomcat.GracefulShutdown - Graceful shutdown complete
2026-04-01 00:12:48.678 [DiscoveryClient-InstanceInfoReplicator-%d] INFO  c.netflix.discovery.DiscoveryClient - DiscoveryClient_APPOINTMENT-SERVICE/192.168.0.120:appointment-service:8093 - registration status: 204
2026-04-01 00:12:48.700 [SpringApplicationShutdownHook] INFO  o.s.o.j.LocalContainerEntityManagerFactoryBean - Closing JPA EntityManagerFactory for persistence unit 'default'
2026-04-01 00:12:48.701 [SpringApplicationShutdownHook] INFO  com.zaxxer.hikari.HikariDataSource - HikariPool-2 - Shutdown initiated...
2026-04-01 00:12:48.703 [SpringApplicationShutdownHook] INFO  com.zaxxer.hikari.HikariDataSource - HikariPool-2 - Shutdown completed.
2026-04-01 00:12:48.827 [SpringApplicationShutdownHook] INFO  c.netflix.discovery.DiscoveryClient - Shutting down DiscoveryClient ...
2026-04-01 00:12:51.833 [SpringApplicationShutdownHook] INFO  c.netflix.discovery.DiscoveryClient - Unregistering ...
2026-04-01 00:12:51.841 [SpringApplicationShutdownHook] INFO  c.netflix.discovery.DiscoveryClient - DiscoveryClient_APPOINTMENT-SERVICE/192.168.0.120:appointment-service:8093 - deregister  status: 200
2026-04-01 00:12:51.841 [SpringApplicationShutdownHook] INFO  c.netflix.discovery.DiscoveryClient - Completed shut down of DiscoveryClient
