2026-04-01 00:00:29.483 [http-nio-8092-exec-6] INFO  c.t.m.controller.PatientController - Create patient
2026-04-01 00:01:17.395 [http-nio-8092-exec-2] INFO  c.t.m.controller.PatientController - Patient logs
2026-04-01 00:01:17.410 [http-nio-8092-exec-5] INFO  c.t.m.controller.PatientController - Patient logs
2026-04-01 00:01:59.806 [http-nio-8092-exec-4] INFO  c.t.m.controller.PatientController - Patient logs
2026-04-01 00:01:59.815 [http-nio-8092-exec-2] INFO  c.t.m.controller.PatientController - Patient logs
2026-04-01 00:02:23.025 [http-nio-8092-exec-4] INFO  c.t.m.controller.PatientController - Patient logs
2026-04-01 00:02:23.036 [http-nio-8092-exec-2] INFO  c.t.m.controller.PatientController - Patient logs
2026-04-01 00:02:35.114 [http-nio-8092-exec-9] INFO  c.t.m.controller.PatientController - Patient logs
2026-04-01 00:02:35.127 [http-nio-8092-exec-10] INFO  c.t.m.controller.PatientController - Patient logs
2026-04-01 00:03:53.881 [http-nio-8092-exec-9] INFO  c.t.m.controller.PatientController - Patient logs
2026-04-01 00:03:53.893 [http-nio-8092-exec-10] INFO  c.t.m.controller.PatientController - Patient logs
2026-04-01 00:04:25.862 [AsyncResolver-bootstrap-executor-%d] INFO  c.n.d.s.r.aws.ConfigClusterResolver - Resolving eureka endpoints via configuration
2026-04-01 00:05:00.494 [http-nio-8092-exec-5] INFO  c.t.m.controller.PatientController - Patient logs
2026-04-01 00:05:00.507 [http-nio-8092-exec-6] INFO  c.t.m.controller.PatientController - Patient logs
2026-04-01 00:09:25.864 [AsyncResolver-bootstrap-executor-%d] INFO  c.n.d.s.r.aws.ConfigClusterResolver - Resolving eureka endpoints via configuration
2026-04-01 00:12:35.142 [SpringApplicationShutdownHook] INFO  o.s.c.n.e.s.EurekaServiceRegistry - Unregistering application PATIENT-SERVICE with eureka with status DOWN
2026-04-01 00:12:35.144 [SpringApplicationShutdownHook] INFO  c.netflix.discovery.DiscoveryClient - Saw local status change event StatusChangeEvent [timestamp=1774998755144, current=DOWN, previous=UP]
2026-04-01 00:12:35.144 [DiscoveryClient-InstanceInfoReplicator-%d] INFO  c.netflix.discovery.DiscoveryClient - DiscoveryClient_PATIENT-SERVICE/192.168.0.120:patient-service:8092: registering service...
2026-04-01 00:12:35.157 [SpringApplicationShutdownHook] INFO  o.s.b.w.e.tomcat.GracefulShutdown - Commencing graceful shutdown. Waiting for active requests to complete
2026-04-01 00:12:35.175 [tomcat-shutdown] INFO  o.s.b.w.e.tomcat.GracefulShutdown - Graceful shutdown complete
2026-04-01 00:12:35.181 [SpringApplicationShutdownHook] INFO  o.s.o.j.LocalContainerEntityManagerFactoryBean - Closing JPA EntityManagerFactory for persistence unit 'default'
2026-04-01 00:12:35.182 [DiscoveryClient-InstanceInfoReplicator-%d] INFO  c.netflix.discovery.DiscoveryClient - DiscoveryClient_PATIENT-SERVICE/192.168.0.120:patient-service:8092 - registration status: 204
2026-04-01 00:12:35.182 [SpringApplicationShutdownHook] INFO  com.zaxxer.hikari.HikariDataSource - HikariPool-6 - Shutdown initiated...
2026-04-01 00:12:35.183 [SpringApplicationShutdownHook] INFO  com.zaxxer.hikari.HikariDataSource - HikariPool-6 - Shutdown completed.
2026-04-01 00:12:35.433 [SpringApplicationShutdownHook] INFO  c.netflix.discovery.DiscoveryClient - Shutting down DiscoveryClient ...
2026-04-01 00:12:38.438 [SpringApplicationShutdownHook] INFO  c.netflix.discovery.DiscoveryClient - Unregistering ...
2026-04-01 00:12:38.443 [SpringApplicationShutdownHook] INFO  c.netflix.discovery.DiscoveryClient - DiscoveryClient_PATIENT-SERVICE/192.168.0.120:patient-service:8092 - deregister  status: 200
2026-04-01 00:12:38.443 [SpringApplicationShutdownHook] INFO  c.netflix.discovery.DiscoveryClient - Completed shut down of DiscoveryClient
