[INFO] Scanning for projects...
[INFO] 
[INFO] ---------------< com.tus.microservices:patient-service >----------------
[INFO] Building doctor-service 0.0.1-SNAPSHOT
[INFO]   from pom.xml
[INFO] --------------------------------[ jar ]---------------------------------
[INFO] 
[INFO] >>> spring-boot:3.4.3:run (default-cli) > test-compile @ patient-service >>>
[INFO] 
[INFO] --- resources:3.3.1:resources (default-resources) @ patient-service ---
[INFO] Copying 1 resource from src/main/resources to target/classes
[INFO] Copying 1 resource from src/main/resources to target/classes
[INFO] 
[INFO] --- compiler:3.13.0:compile (default-compile) @ patient-service ---
[INFO] Nothing to compile - all classes are up to date.
[INFO] 
[INFO] --- resources:3.3.1:testResources (default-testResources) @ patient-service ---
[INFO] Copying 1 resource from src/test/resources to target/test-classes
[INFO] 
[INFO] --- compiler:3.13.0:testCompile (default-testCompile) @ patient-service ---
[INFO] Nothing to compile - all classes are up to date.
[INFO] 
[INFO] <<< spring-boot:3.4.3:run (default-cli) < test-compile @ patient-service <<<
[INFO] 
[INFO] 
[INFO] --- spring-boot:3.4.3:run (default-cli) @ patient-service ---
[INFO] Attaching agents: []
01:02:41,948 |-INFO in ch.qos.logback.core.model.processor.ModelInterpretationContext@6f61ae14 - value "logs/patient-service.log" substituted for "logs/${appName}.log"
01:02:41,949 |-INFO in ch.qos.logback.core.model.processor.AppenderModelHandler - Processing appender named [CONSOLE]
01:02:41,949 |-INFO in ch.qos.logback.core.model.processor.AppenderModelHandler - About to instantiate appender of type [ch.qos.logback.core.ConsoleAppender]
01:02:41,951 |-INFO in ch.qos.logback.core.model.processor.ImplicitModelHandler - Assuming default type [net.logstash.logback.composite.loggingevent.LoggingEventJsonProviders] for [providers] property
01:02:41,953 |-INFO in ch.qos.logback.core.model.processor.ImplicitModelHandler - Assuming default type [net.logstash.logback.composite.loggingevent.LoggingEventFormattedTimestampJsonProvider] for [timestamp] property
01:02:41,954 |-INFO in ch.qos.logback.core.model.processor.ImplicitModelHandler - Assuming default type [net.logstash.logback.composite.loggingevent.LoggingEventPatternJsonProvider] for [pattern] property
01:02:41,963 |-INFO in ch.qos.logback.core.ConsoleAppender[CONSOLE] - BEWARE: Writing to the console can be very slow. Avoid logging to the 
01:02:41,963 |-INFO in ch.qos.logback.core.ConsoleAppender[CONSOLE] - console in production environments, especially in high volume systems.
01:02:41,963 |-INFO in ch.qos.logback.core.ConsoleAppender[CONSOLE] - See also https://logback.qos.ch/codes.html#slowConsole
01:02:41,963 |-INFO in ch.qos.logback.core.model.processor.AppenderModelHandler - Processing appender named [FILE]
01:02:41,963 |-INFO in ch.qos.logback.core.model.processor.AppenderModelHandler - About to instantiate appender of type [ch.qos.logback.core.rolling.RollingFileAppender]
01:02:41,964 |-INFO in ch.qos.logback.core.model.processor.ModelInterpretationContext@6f61ae14 - value "logs/patient-service.log" substituted for "${LOG_FILE}"
01:02:41,964 |-INFO in ch.qos.logback.core.model.processor.ModelInterpretationContext@6f61ae14 - value "logs/patient-service-%d{yyyy-MM-dd}.log" substituted for "logs/${appName}-%d{yyyy-MM-dd}.log"
01:02:41,966 |-INFO in c.q.l.core.rolling.TimeBasedRollingPolicy@81619293 - No compression will be used
01:02:41,966 |-INFO in c.q.l.core.rolling.TimeBasedRollingPolicy@81619293 - Will use the pattern logs/patient-service-%d{yyyy-MM-dd}.log for the active file
01:02:41,967 |-INFO in c.q.l.core.rolling.DefaultTimeBasedFileNamingAndTriggeringPolicy - The date pattern is 'yyyy-MM-dd' from file name pattern 'logs/patient-service-%d{yyyy-MM-dd}.log'.
01:02:41,967 |-INFO in c.q.l.core.rolling.DefaultTimeBasedFileNamingAndTriggeringPolicy - Roll-over at midnight.
01:02:41,967 |-INFO in c.q.l.core.rolling.DefaultTimeBasedFileNamingAndTriggeringPolicy - Setting initial period to 2025-10-15T23:59:21.633Z
01:02:41,968 |-INFO in ch.qos.logback.core.rolling.RollingFileAppender[FILE] - Active log file name: logs/patient-service.log
01:02:41,968 |-INFO in ch.qos.logback.core.rolling.RollingFileAppender[FILE] - File property is set to [logs/patient-service.log]
01:02:41,969 |-WARN in ch.qos.logback.core.model.processor.AppenderModelHandler - Appender named [LOGSTASH] not referenced. Skipping further processing.
01:02:41,969 |-INFO in ch.qos.logback.classic.model.processor.RootLoggerModelHandler - Setting level of ROOT logger to INFO
01:02:41,969 |-INFO in ch.qos.logback.classic.jul.LevelChangePropagator@6aa2c7c6 - Propagating INFO level on Logger[ROOT] onto the JUL framework
01:02:41,969 |-INFO in ch.qos.logback.core.model.processor.AppenderRefModelHandler - Attaching appender named [CONSOLE] to Logger[ROOT]
01:02:41,969 |-INFO in ch.qos.logback.core.model.processor.AppenderRefModelHandler - Attaching appender named [FILE] to Logger[ROOT]
01:02:41,969 |-INFO in ch.qos.logback.core.model.processor.DefaultProcessor@7ea7c9e4 - End of configuration.
01:02:41,969 |-INFO in org.springframework.boot.logging.logback.SpringBootJoranConfigurator@1c54c92a - Registering current configuration as safe fallback point


  .   ____          _            __ _ _
 /\\ / ___'_ __ _ _(_)_ __  __ _ \ \ \ \
( ( )\___ | '_ | '_| | '_ \/ _` | \ \ \ \
 \\/  ___)| |_)| | | | | || (_| |  ) ) ) )
  '  |____| .__|_| |_|_| |_\__, | / / / /
 =========|_|==============|___/=/_/_/_/

 :: Spring Boot ::                (v3.4.3)

{"@timestamp":"2025-10-16T00:02:41.994Z","traceId":"","spanId":"","level":"INFO","logger":"c.t.m.PatientServiceApplication","thread":"restartedMain","message":"Starting PatientServiceApplication using Java 21.0.8 with PID 64759 (/Users/sagargopalbarate/Desktop/Sagar'Projects/HealthFlowDPA-main/patient-service/target/classes started by sagargopalbarate in /Users/sagargopalbarate/Desktop/Sagar'Projects/HealthFlowDPA-main/patient-service)","context":"default","exception":""}
{"@timestamp":"2025-10-16T00:02:41.996Z","traceId":"","spanId":"","level":"INFO","logger":"c.t.m.PatientServiceApplication","thread":"restartedMain","message":"No active profile set, falling back to 1 default profile: \"default\"","context":"default","exception":""}
{"@timestamp":"2025-10-16T00:02:42.007Z","traceId":"","spanId":"","level":"INFO","logger":"o.s.c.c.c.ConfigServerConfigDataLoader","thread":"restartedMain","message":"Fetching config from server at : http://localhost:8888","context":"default","exception":""}
{"@timestamp":"2025-10-16T00:02:42.007Z","traceId":"","spanId":"","level":"INFO","logger":"o.s.c.c.c.ConfigServerConfigDataLoader","thread":"restartedMain","message":"Located environment: name=patient-service, profiles=[default], label=null, version=b03d86383311d0daab3106bd901320b4d6ae1ff5, state=","context":"default","exception":""}
{"@timestamp":"2025-10-16T00:02:42.008Z","traceId":"","spanId":"","level":"INFO","logger":"o.s.b.d.e.DevToolsPropertyDefaultsPostProcessor","thread":"restartedMain","message":"Devtools property defaults active! Set 'spring.devtools.add-properties' to 'false' to disable","context":"default","exception":""}
{"@timestamp":"2025-10-16T00:02:42.008Z","traceId":"","spanId":"","level":"INFO","logger":"o.s.b.d.e.DevToolsPropertyDefaultsPostProcessor","thread":"restartedMain","message":"For additional web related logging consider setting the 'logging.level.web' property to 'DEBUG'","context":"default","exception":""}
{"@timestamp":"2025-10-16T00:02:42.332Z","traceId":"","spanId":"","level":"INFO","logger":"o.s.d.r.c.RepositoryConfigurationDelegate","thread":"restartedMain","message":"Bootstrapping Spring Data JPA repositories in DEFAULT mode.","context":"default","exception":""}
{"@timestamp":"2025-10-16T00:02:42.376Z","traceId":"","spanId":"","level":"INFO","logger":"o.s.d.r.c.RepositoryConfigurationDelegate","thread":"restartedMain","message":"Finished Spring Data repository scanning in 41 ms. Found 1 JPA repository interface.","context":"default","exception":""}
{"@timestamp":"2025-10-16T00:02:42.457Z","traceId":"","spanId":"","level":"INFO","logger":"o.s.c.c.s.GenericScope","thread":"restartedMain","message":"BeanFactory id=6fef3da1-7ecf-3ac5-8300-e0dbc0487d8c","context":"default","exception":""}
{"@timestamp":"2025-10-16T00:02:42.687Z","traceId":"","spanId":"","level":"INFO","logger":"o.s.b.w.e.t.TomcatWebServer","thread":"restartedMain","message":"Tomcat initialized with port 8092 (http)","context":"default","exception":""}
{"@timestamp":"2025-10-16T00:02:42.691Z","traceId":"","spanId":"","level":"INFO","logger":"o.a.c.h.Http11NioProtocol","thread":"restartedMain","message":"Initializing ProtocolHandler [\"http-nio-8092\"]","context":"default","exception":""}
{"@timestamp":"2025-10-16T00:02:42.692Z","traceId":"","spanId":"","level":"INFO","logger":"o.a.c.c.StandardService","thread":"restartedMain","message":"Starting service [Tomcat]","context":"default","exception":""}
{"@timestamp":"2025-10-16T00:02:42.692Z","traceId":"","spanId":"","level":"INFO","logger":"o.a.c.c.StandardEngine","thread":"restartedMain","message":"Starting Servlet engine: [Apache Tomcat/10.1.36]","context":"default","exception":""}
{"@timestamp":"2025-10-16T00:02:42.705Z","traceId":"","spanId":"","level":"INFO","logger":"o.a.c.c.C.[.[.[/]","thread":"restartedMain","message":"Initializing Spring embedded WebApplicationContext","context":"default","exception":""}
{"@timestamp":"2025-10-16T00:02:42.706Z","traceId":"","spanId":"","level":"INFO","logger":"o.s.b.w.s.c.ServletWebServerApplicationContext","thread":"restartedMain","message":"Root WebApplicationContext: initialization completed in 697 ms","context":"default","exception":""}
{"@timestamp":"2025-10-16T00:02:42.922Z","traceId":"","spanId":"","level":"INFO","logger":"o.h.j.i.u.LogHelper","thread":"restartedMain","message":"HHH000204: Processing PersistenceUnitInfo [name: default]","context":"default","exception":""}
{"@timestamp":"2025-10-16T00:02:42.946Z","traceId":"","spanId":"","level":"INFO","logger":"o.hibernate.Version","thread":"restartedMain","message":"HHH000412: Hibernate ORM core version 6.6.8.Final","context":"default","exception":""}
{"@timestamp":"2025-10-16T00:02:42.962Z","traceId":"","spanId":"","level":"INFO","logger":"o.h.c.i.RegionFactoryInitiator","thread":"restartedMain","message":"HHH000026: Second-level cache disabled","context":"default","exception":""}
{"@timestamp":"2025-10-16T00:02:43.045Z","traceId":"","spanId":"","level":"INFO","logger":"o.s.o.j.p.SpringPersistenceUnitInfo","thread":"restartedMain","message":"No LoadTimeWeaver setup: ignoring JPA class transformer","context":"default","exception":""}
{"@timestamp":"2025-10-16T00:02:43.055Z","traceId":"","spanId":"","level":"INFO","logger":"c.z.h.HikariDataSource","thread":"restartedMain","message":"HikariPool-1 - Starting...","context":"default","exception":""}
{"@timestamp":"2025-10-16T00:02:54.086Z","traceId":"","spanId":"","level":"WARN","logger":"o.h.e.j.s.SqlExceptionHelper","thread":"restartedMain","message":"SQL Error: 0, SQLState: 08001","context":"default","exception":""}
{"@timestamp":"2025-10-16T00:02:54.093Z","traceId":"","spanId":"","level":"ERROR","logger":"o.h.e.j.s.SqlExceptionHelper","thread":"restartedMain","message":"The connection attempt failed.","context":"default","exception":""}
{"@timestamp":"2025-10-16T00:02:54.095Z","traceId":"","spanId":"","level":"WARN","logger":"o.h.e.j.e.i.JdbcEnvironmentInitiator","thread":"restartedMain","message":"HHH000342: Could not obtain connection to query metadata","context":"default","exception":"org.hibernate.exception.JDBCConnectionException: unable to obtain isolated JDBC connection [The connection attempt failed.] [n/a]\n\tat org.hibernate.exception.internal.SQLStateConversionDelegate.convert(SQLStateConversionDelegate.java:100)\n\tat org.hibernate.exception.internal.StandardSQLExceptionConverter.convert(StandardSQLExceptionConverter.java:58)\n\tat org.hibernate.engine.jdbc.spi.SqlExceptionHelper.convert(SqlExceptionHelper.java:108)\n\tat org.hibernate.engine.jdbc.spi.SqlExceptionHelper.convert(SqlExceptionHelper.java:94)\n\tat org.hibernate.resource.transaction.backend.jdbc.internal.JdbcIsolationDelegate.delegateWork(JdbcIsolationDelegate.java:116)\n\tat org.hibernate.engine.jdbc.env.internal.JdbcEnvironmentInitiator.getJdbcEnvironmentUsingJdbcMetadata(JdbcEnvironmentInitiator.java:320)\n\tat org.hibernate.engine.jdbc.env.internal.JdbcEnvironmentInitiator.initiateService(JdbcEnvironmentInitiator.java:129)\n\tat org.hibernate.engine.jdbc.env.internal.JdbcEnvironmentInitiator.initiateService(JdbcEnvironmentInitiator.java:81)\n\tat org.hibernate.boot.registry.internal.StandardServiceRegistryImpl.initiateService(StandardServiceRegistryImpl.java:130)\n\tat org.hibernate.service.internal.AbstractServiceRegistryImpl.createService(AbstractServiceRegistryImpl.java:263)\n\tat org.hibernate.service.internal.AbstractServiceRegistryImpl.initializeService(AbstractServiceRegistryImpl.java:238)\n\tat org.hibernate.service.internal.AbstractServiceRegistryImpl.getService(AbstractServiceRegistryImpl.java:215)\n\tat org.hibernate.boot.model.relational.Database.<init>(Database.java:45)\n\tat org.hibernate.boot.internal.InFlightMetadataCollectorImpl.getDatabase(InFlightMetadataCollectorImpl.java:226)\n\tat org.hibernate.boot.internal.InFlightMetadataCollectorImpl.<init>(InFlightMetadataCollectorImpl.java:194)\n\tat org.hibernate.boot.model.process.spi.MetadataBuildingProcess.complete(MetadataBuildingProcess.java:171)\n\tat org.hibernate.jpa.boot.internal.EntityManagerFactoryBuilderImpl.metadata(EntityManagerFactoryBuilderImpl.java:1442)\n\tat org.hibernate.jpa.boot.internal.EntityManagerFactoryBuilderImpl.build(EntityManagerFactoryBuilderImpl.java:1513)\n\tat org.springframework.orm.jpa.vendor.SpringHibernateJpaPersistenceProvider.createContainerEntityManagerFactory(SpringHibernateJpaPersistenceProvider.java:66)\n\tat org.springframework.orm.jpa.LocalContainerEntityManagerFactoryBean.createNativeEntityManagerFactory(LocalContainerEntityManagerFactoryBean.java:390)\n\tat org.springframework.orm.jpa.AbstractEntityManagerFactoryBean.buildNativeEntityManagerFactory(AbstractEntityManagerFactoryBean.java:419)\n\tat org.springframework.orm.jpa.AbstractEntityManagerFactoryBean.afterPropertiesSet(AbstractEntityManagerFactoryBean.java:400)\n\tat org.springframework.orm.jpa.LocalContainerEntityManagerFactoryBean.afterPropertiesSet(LocalContainerEntityManagerFactoryBean.java:366)\n\tat org.springframework.beans.factory.support.AbstractAutowireCapableBeanFactory.invokeInitMethods(AbstractAutowireCapableBeanFactory.java:1859)\n\tat org.springframework.beans.factory.support.AbstractAutowireCapableBeanFactory.initializeBean(AbstractAutowireCapableBeanFactory.java:1808)\n\tat org.springframework.beans.factory.support.AbstractAutowireCapableBeanFactory.doCreateBean(AbstractAutowireCapableBeanFactory.java:601)\n\tat org.springframework.beans.factory.support.AbstractAutowireCapableBeanFactory.createBean(AbstractAutowireCapableBeanFactory.java:523)\n\tat org.springframework.beans.factory.support.AbstractBeanFactory.lambda$doGetBean$0(AbstractBeanFactory.java:339)\n\tat org.springframework.beans.factory.support.DefaultSingletonBeanRegistry.getSingleton(DefaultSingletonBeanRegistry.java:346)\n\tat org.springframework.beans.factory.support.AbstractBeanFactory.doGetBean(AbstractBeanFactory.java:337)\n\tat org.springframework.beans.factory.support.AbstractBeanFactory.getBean(AbstractBeanFactory.java:207)\n\tat org.springframework.context.support.AbstractApplicationContext.finishBeanFactoryInitialization(AbstractApplicationContext.java:970)\n\tat org.springframework.context.support.AbstractApplicationContext.refresh(AbstractApplicationContext.java:627)\n\tat org.springframework.boot.web.servlet.context.ServletWebServerApplicationContext.refresh(ServletWebServerApplicationContext.java:146)\n\tat org.springframework.boot.SpringApplication.refresh(SpringApplication.java:752)\n\tat org.springframework.boot.SpringApplication.refreshContext(SpringApplication.java:439)\n\tat org.springframework.boot.SpringApplication.run(SpringApplication.java:318)\n\tat org.springframework.boot.SpringApplication.run(SpringApplication.java:1361)\n\tat org.springframework.boot.SpringApplication.run(SpringApplication.java:1350)\n\tat com.tus.microservices.PatientServiceApplication.main(PatientServiceApplication.java:14)\n\tat java.base/jdk.internal.reflect.DirectMethodHandleAccessor.invoke(DirectMethodHandleAccessor.java:103)\n\tat java.base/java.lang.reflect.Method.invoke(Method.java:580)\n\tat org.springframework.boot.devtools.restart.RestartLauncher.run(RestartLauncher.java:50)\nCaused by: org.postgresql.util.PSQLException: The connection attempt failed.\n\tat org.postgresql.core.v3.ConnectionFactoryImpl.openConnectionImpl(ConnectionFactoryImpl.java:364)\n\tat org.postgresql.core.ConnectionFactory.openConnection(ConnectionFactory.java:54)\n\tat org.postgresql.jdbc.PgConnection.<init>(PgConnection.java:273)\n\tat org.postgresql.Driver.makeConnection(Driver.java:446)\n\tat org.postgresql.Driver.connect(Driver.java:298)\n\tat com.zaxxer.hikari.util.DriverDataSource.getConnection(DriverDataSource.java:137)\n\tat com.zaxxer.hikari.pool.PoolBase.newConnection(PoolBase.java:360)\n\tat com.zaxxer.hikari.pool.PoolBase.newPoolEntry(PoolBase.java:202)\n\tat com.zaxxer.hikari.pool.HikariPool.createPoolEntry(HikariPool.java:461)\n\tat com.zaxxer.hikari.pool.HikariPool.checkFailFast(HikariPool.java:550)\n\tat com.zaxxer.hikari.pool.HikariPool.<init>(HikariPool.java:98)\n\tat com.zaxxer.hikari.HikariDataSource.getConnection(HikariDataSource.java:111)\n\tat org.hibernate.engine.jdbc.connections.internal.DatasourceConnectionProviderImpl.getConnection(DatasourceConnectionProviderImpl.java:126)\n\tat org.hibernate.engine.jdbc.env.internal.JdbcEnvironmentInitiator$ConnectionProviderJdbcConnectionAccess.obtainConnection(JdbcEnvironmentInitiator.java:467)\n\tat org.hibernate.resource.transaction.backend.jdbc.internal.JdbcIsolationDelegate.delegateWork(JdbcIsolationDelegate.java:61)\n\t... 38 common frames omitted\nCaused by: java.net.SocketTimeoutException: Connect timed out\n\tat java.base/sun.nio.ch.NioSocketImpl.timedFinishConnect(NioSocketImpl.java:546)\n\tat java.base/sun.nio.ch.NioSocketImpl.connect(NioSocketImpl.java:592)\n\tat java.base/java.net.SocksSocketImpl.connect(SocksSocketImpl.java:327)\n\tat java.base/java.net.Socket.connect(Socket.java:751)\n\tat org.postgresql.core.PGStream.createSocket(PGStream.java:260)\n\tat org.postgresql.core.PGStream.<init>(PGStream.java:121)\n\tat org.postgresql.core.v3.ConnectionFactoryImpl.tryConnect(ConnectionFactoryImpl.java:140)\n\tat org.postgresql.core.v3.ConnectionFactoryImpl.openConnectionImpl(ConnectionFactoryImpl.java:268)\n\t... 52 common frames omitted\n"}
{"@timestamp":"2025-10-16T00:02:54.1Z","traceId":"","spanId":"","level":"ERROR","logger":"o.s.o.j.LocalContainerEntityManagerFactoryBean","thread":"restartedMain","message":"Failed to initialize JPA EntityManagerFactory: Unable to create requested service [org.hibernate.engine.jdbc.env.spi.JdbcEnvironment] due to: Unable to determine Dialect without JDBC metadata (please set 'jakarta.persistence.jdbc.url' for common cases or 'hibernate.dialect' when a custom Dialect implementation must be provided)","context":"default","exception":""}
{"@timestamp":"2025-10-16T00:02:54.101Z","traceId":"","spanId":"","level":"WARN","logger":"o.s.b.w.s.c.AnnotationConfigServletWebServerApplicationContext","thread":"restartedMain","message":"Exception encountered during context initialization - cancelling refresh attempt: org.springframework.beans.factory.BeanCreationException: Error creating bean with name 'entityManagerFactory' defined in class path resource [org/springframework/boot/autoconfigure/orm/jpa/HibernateJpaConfiguration.class]: Unable to create requested service [org.hibernate.engine.jdbc.env.spi.JdbcEnvironment] due to: Unable to determine Dialect without JDBC metadata (please set 'jakarta.persistence.jdbc.url' for common cases or 'hibernate.dialect' when a custom Dialect implementation must be provided)","context":"default","exception":""}
{"@timestamp":"2025-10-16T00:02:55.11Z","traceId":"","spanId":"","level":"WARN","logger":"z.r.i.AsyncReporter$BoundedAsyncReporter","thread":"restartedMain","message":"Timed out waiting for in-flight spans to send","context":"default","exception":""}
{"@timestamp":"2025-10-16T00:02:55.117Z","traceId":"","spanId":"","level":"INFO","logger":"o.a.c.c.StandardService","thread":"restartedMain","message":"Stopping service [Tomcat]","context":"default","exception":""}
{"@timestamp":"2025-10-16T00:02:55.143Z","traceId":"","spanId":"","level":"INFO","logger":"o.s.b.a.l.ConditionEvaluationReportLogger","thread":"restartedMain","message":"\n\nError starting ApplicationContext. To display the condition evaluation report re-run your application with 'debug' enabled.","context":"default","exception":""}
{"@timestamp":"2025-10-16T00:02:55.159Z","traceId":"","spanId":"","level":"ERROR","logger":"o.s.b.SpringApplication","thread":"restartedMain","message":"Application run failed","context":"default","exception":"org.springframework.beans.factory.BeanCreationException: Error creating bean with name 'entityManagerFactory' defined in class path resource [org/springframework/boot/autoconfigure/orm/jpa/HibernateJpaConfiguration.class]: Unable to create requested service [org.hibernate.engine.jdbc.env.spi.JdbcEnvironment] due to: Unable to determine Dialect without JDBC metadata (please set 'jakarta.persistence.jdbc.url' for common cases or 'hibernate.dialect' when a custom Dialect implementation must be provided)\n\tat org.springframework.beans.factory.support.AbstractAutowireCapableBeanFactory.initializeBean(AbstractAutowireCapableBeanFactory.java:1812)\n\tat org.springframework.beans.factory.support.AbstractAutowireCapableBeanFactory.doCreateBean(AbstractAutowireCapableBeanFactory.java:601)\n\tat org.springframework.beans.factory.support.AbstractAutowireCapableBeanFactory.createBean(AbstractAutowireCapableBeanFactory.java:523)\n\tat org.springframework.beans.factory.support.AbstractBeanFactory.lambda$doGetBean$0(AbstractBeanFactory.java:339)\n\tat org.springframework.beans.factory.support.DefaultSingletonBeanRegistry.getSingleton(DefaultSingletonBeanRegistry.java:346)\n\tat org.springframework.beans.factory.support.AbstractBeanFactory.doGetBean(AbstractBeanFactory.java:337)\n\tat org.springframework.beans.factory.support.AbstractBeanFactory.getBean(AbstractBeanFactory.java:207)\n\tat org.springframework.context.support.AbstractApplicationContext.finishBeanFactoryInitialization(AbstractApplicationContext.java:970)\n\tat org.springframework.context.support.AbstractApplicationContext.refresh(AbstractApplicationContext.java:627)\n\tat org.springframework.boot.web.servlet.context.ServletWebServerApplicationContext.refresh(ServletWebServerApplicationContext.java:146)\n\tat org.springframework.boot.SpringApplication.refresh(SpringApplication.java:752)\n\tat org.springframework.boot.SpringApplication.refreshContext(SpringApplication.java:439)\n\tat org.springframework.boot.SpringApplication.run(SpringApplication.java:318)\n\tat org.springframework.boot.SpringApplication.run(SpringApplication.java:1361)\n\tat org.springframework.boot.SpringApplication.run(SpringApplication.java:1350)\n\tat com.tus.microservices.PatientServiceApplication.main(PatientServiceApplication.java:14)\n\tat java.base/jdk.internal.reflect.DirectMethodHandleAccessor.invoke(DirectMethodHandleAccessor.java:103)\n\tat java.base/java.lang.reflect.Method.invoke(Method.java:580)\n\tat org.springframework.boot.devtools.restart.RestartLauncher.run(RestartLauncher.java:50)\nCaused by: org.hibernate.service.spi.ServiceException: Unable to create requested service [org.hibernate.engine.jdbc.env.spi.JdbcEnvironment] due to: Unable to determine Dialect without JDBC metadata (please set 'jakarta.persistence.jdbc.url' for common cases or 'hibernate.dialect' when a custom Dialect implementation must be provided)\n\tat org.hibernate.service.internal.AbstractServiceRegistryImpl.createService(AbstractServiceRegistryImpl.java:276)\n\tat org.hibernate.service.internal.AbstractServiceRegistryImpl.initializeService(AbstractServiceRegistryImpl.java:238)\n\tat org.hibernate.service.internal.AbstractServiceRegistryImpl.getService(AbstractServiceRegistryImpl.java:215)\n\tat org.hibernate.boot.model.relational.Database.<init>(Database.java:45)\n\tat org.hibernate.boot.internal.InFlightMetadataCollectorImpl.getDatabase(InFlightMetadataCollectorImpl.java:226)\n\tat org.hibernate.boot.internal.InFlightMetadataCollectorImpl.<init>(InFlightMetadataCollectorImpl.java:194)\n\tat org.hibernate.boot.model.process.spi.MetadataBuildingProcess.complete(MetadataBuildingProcess.java:171)\n\tat org.hibernate.jpa.boot.internal.EntityManagerFactoryBuilderImpl.metadata(EntityManagerFactoryBuilderImpl.java:1442)\n\tat org.hibernate.jpa.boot.internal.EntityManagerFactoryBuilderImpl.build(EntityManagerFactoryBuilderImpl.java:1513)\n\tat org.springframework.orm.jpa.vendor.SpringHibernateJpaPersistenceProvider.createContainerEntityManagerFactory(SpringHibernateJpaPersistenceProvider.java:66)\n\tat org.springframework.orm.jpa.LocalContainerEntityManagerFactoryBean.createNativeEntityManagerFactory(LocalContainerEntityManagerFactoryBean.java:390)\n\tat org.springframework.orm.jpa.AbstractEntityManagerFactoryBean.buildNativeEntityManagerFactory(AbstractEntityManagerFactoryBean.java:419)\n\tat org.springframework.orm.jpa.AbstractEntityManagerFactoryBean.afterPropertiesSet(AbstractEntityManagerFactoryBean.java:400)\n\tat org.springframework.orm.jpa.LocalContainerEntityManagerFactoryBean.afterPropertiesSet(LocalContainerEntityManagerFactoryBean.java:366)\n\tat org.springframework.beans.factory.support.AbstractAutowireCapableBeanFactory.invokeInitMethods(AbstractAutowireCapableBeanFactory.java:1859)\n\tat org.springframework.beans.factory.support.AbstractAutowireCapableBeanFactory.initializeBean(AbstractAutowireCapableBeanFactory.java:1808)\n\t... 18 common frames omitted\nCaused by: org.hibernate.HibernateException: Unable to determine Dialect without JDBC metadata (please set 'jakarta.persistence.jdbc.url' for common cases or 'hibernate.dialect' when a custom Dialect implementation must be provided)\n\tat org.hibernate.engine.jdbc.dialect.internal.DialectFactoryImpl.determineDialect(DialectFactoryImpl.java:191)\n\tat org.hibernate.engine.jdbc.dialect.internal.DialectFactoryImpl.buildDialect(DialectFactoryImpl.java:87)\n\tat org.hibernate.engine.jdbc.env.internal.JdbcEnvironmentInitiator.getJdbcEnvironmentWithDefaults(JdbcEnvironmentInitiator.java:181)\n\tat org.hibernate.engine.jdbc.env.internal.JdbcEnvironmentInitiator.getJdbcEnvironmentUsingJdbcMetadata(JdbcEnvironmentInitiator.java:392)\n\tat org.hibernate.engine.jdbc.env.internal.JdbcEnvironmentInitiator.initiateService(JdbcEnvironmentInitiator.java:129)\n\tat org.hibernate.engine.jdbc.env.internal.JdbcEnvironmentInitiator.initiateService(JdbcEnvironmentInitiator.java:81)\n\tat org.hibernate.boot.registry.internal.StandardServiceRegistryImpl.initiateService(StandardServiceRegistryImpl.java:130)\n\tat org.hibernate.service.internal.AbstractServiceRegistryImpl.createService(AbstractServiceRegistryImpl.java:263)\n\t... 33 common frames omitted\n"}
[INFO] ------------------------------------------------------------------------
[INFO] BUILD SUCCESS
[INFO] ------------------------------------------------------------------------
[INFO] Total time:  15.715 s
[INFO] Finished at: 2025-10-16T01:02:55+01:00
[INFO] ------------------------------------------------------------------------
