2026-04-01 00:00:29.463 [http-nio-8091-exec-9] INFO  c.t.m.controller.DoctorController - get doctor by id:4
2026-04-01 00:00:32.000 [http-nio-8091-exec-10] INFO  c.t.m.controller.DoctorController - get doctors list
2026-04-01 00:00:32.015 [http-nio-8091-exec-1] INFO  c.t.m.controller.DoctorController - get doctors list
2026-04-01 00:00:34.548 [http-nio-8091-exec-2] INFO  c.t.m.controller.DoctorController - get doctor by id:4
2026-04-01 00:00:34.569 [http-nio-8091-exec-3] INFO  c.t.m.controller.DoctorController - get doctor by id:4
2026-04-01 00:00:40.663 [http-nio-8091-exec-4] INFO  c.t.m.controller.DoctorController - get doctors list
2026-04-01 00:00:40.678 [http-nio-8091-exec-5] INFO  c.t.m.controller.DoctorController - get doctors list
2026-04-01 00:00:53.685 [http-nio-8091-exec-6] INFO  c.t.m.controller.DoctorController - get doctors list
2026-04-01 00:00:53.703 [http-nio-8091-exec-7] INFO  c.t.m.controller.DoctorController - get doctors list
2026-04-01 00:00:56.139 [http-nio-8091-exec-8] INFO  c.t.m.controller.DoctorController - get doctors list
2026-04-01 00:00:56.146 [http-nio-8091-exec-9] INFO  c.t.m.controller.DoctorController - get doctors list
2026-04-01 00:00:58.384 [http-nio-8091-exec-10] INFO  c.t.m.controller.DoctorController - get doctor by id:1
2026-04-01 00:00:58.391 [http-nio-8091-exec-1] INFO  c.t.m.controller.DoctorController - get doctor by id:1
2026-04-01 00:01:03.201 [http-nio-8091-exec-2] INFO  c.t.m.controller.DoctorController - get doctors list
2026-04-01 00:01:03.217 [http-nio-8091-exec-3] INFO  c.t.m.controller.DoctorController - get doctors list
2026-04-01 00:01:06.572 [http-nio-8091-exec-4] INFO  c.t.m.controller.DoctorController - get doctor by id:5
2026-04-01 00:01:06.587 [http-nio-8091-exec-5] INFO  c.t.m.controller.DoctorController - get doctor by id:5
2026-04-01 00:01:08.871 [http-nio-8091-exec-6] INFO  c.t.m.controller.DoctorController - get doctors list
2026-04-01 00:01:08.888 [http-nio-8091-exec-7] INFO  c.t.m.controller.DoctorController - get doctors list
2026-04-01 00:01:11.376 [http-nio-8091-exec-8] INFO  c.t.m.controller.DoctorController - get doctor by id:4
2026-04-01 00:01:11.393 [http-nio-8091-exec-9] INFO  c.t.m.controller.DoctorController - get doctor by id:4
2026-04-01 00:01:12.948 [http-nio-8091-exec-10] INFO  c.t.m.controller.DoctorController - get doctors list
2026-04-01 00:01:12.965 [http-nio-8091-exec-1] INFO  c.t.m.controller.DoctorController - get doctors list
2026-04-01 00:01:17.395 [http-nio-8091-exec-2] INFO  c.t.m.controller.DoctorController - Doctor logs
2026-04-01 00:01:17.411 [http-nio-8091-exec-3] INFO  c.t.m.controller.DoctorController - Doctor logs
2026-04-01 00:01:18.555 [http-nio-8091-exec-4] INFO  c.t.m.controller.DoctorController - get doctors list
2026-04-01 00:01:18.568 [http-nio-8091-exec-5] INFO  c.t.m.controller.DoctorController - get doctors list
2026-04-01 00:01:21.576 [http-nio-8091-exec-6] INFO  c.t.m.controller.DoctorController - get doctors list
2026-04-01 00:01:21.587 [http-nio-8091-exec-7] INFO  c.t.m.controller.DoctorController - get doctors list
2026-04-01 00:01:22.300 [http-nio-8091-exec-8] INFO  c.t.m.controller.DoctorController - get doctors list
2026-04-01 00:01:22.318 [http-nio-8091-exec-9] INFO  c.t.m.controller.DoctorController - get doctors list
2026-04-01 00:01:23.248 [http-nio-8091-exec-10] INFO  c.t.m.controller.DoctorController - get doctors list
2026-04-01 00:01:23.270 [http-nio-8091-exec-1] INFO  c.t.m.controller.DoctorController - get doctors list
2026-04-01 00:01:58.799 [http-nio-8091-exec-3] INFO  c.t.m.controller.DoctorController - get doctors list
2026-04-01 00:01:58.834 [http-nio-8091-exec-4] INFO  c.t.m.controller.DoctorController - get doctors list
2026-04-01 00:01:59.798 [http-nio-8091-exec-5] INFO  c.t.m.controller.DoctorController - Doctor logs
2026-04-01 00:01:59.810 [http-nio-8091-exec-6] INFO  c.t.m.controller.DoctorController - Doctor logs
2026-04-01 00:02:01.017 [http-nio-8091-exec-7] INFO  c.t.m.controller.DoctorController - get doctors list
2026-04-01 00:02:01.034 [http-nio-8091-exec-8] INFO  c.t.m.controller.DoctorController - get doctors list
2026-04-01 00:02:01.899 [http-nio-8091-exec-9] INFO  c.t.m.controller.DoctorController - get doctors list
2026-04-01 00:02:01.921 [http-nio-8091-exec-10] INFO  c.t.m.controller.DoctorController - get doctors list
2026-04-01 00:02:02.739 [http-nio-8091-exec-1] INFO  c.t.m.controller.DoctorController - get doctors list
2026-04-01 00:02:02.756 [http-nio-8091-exec-2] INFO  c.t.m.controller.DoctorController - get doctors list
2026-04-01 00:02:04.012 [http-nio-8091-exec-3] INFO  c.t.m.controller.DoctorController - get doctors list
2026-04-01 00:02:04.039 [http-nio-8091-exec-4] INFO  c.t.m.controller.DoctorController - get doctors list
2026-04-01 00:02:08.847 [http-nio-8091-exec-7] INFO  c.t.m.controller.DoctorController - get doctors list
2026-04-01 00:02:08.859 [http-nio-8091-exec-8] INFO  c.t.m.controller.DoctorController - get doctors list
2026-04-01 00:02:17.517 [http-nio-8091-exec-9] INFO  c.t.m.controller.DoctorController - get doctors list
2026-04-01 00:02:17.530 [http-nio-8091-exec-10] INFO  c.t.m.controller.DoctorController - get doctors list
2026-04-01 00:02:21.700 [http-nio-8091-exec-1] INFO  c.t.m.controller.DoctorController - get doctors list
2026-04-01 00:02:21.720 [http-nio-8091-exec-2] INFO  c.t.m.controller.DoctorController - get doctors list
2026-04-01 00:02:23.026 [http-nio-8091-exec-3] INFO  c.t.m.controller.DoctorController - Doctor logs
2026-04-01 00:02:23.036 [http-nio-8091-exec-4] INFO  c.t.m.controller.DoctorController - Doctor logs
2026-04-01 00:02:26.765 [http-nio-8091-exec-5] INFO  c.t.m.controller.DoctorController - get doctors list
2026-04-01 00:02:26.787 [http-nio-8091-exec-6] INFO  c.t.m.controller.DoctorController - get doctors list
2026-04-01 00:02:30.938 [http-nio-8091-exec-7] INFO  c.t.m.controller.DoctorController - get doctors list
2026-04-01 00:02:30.956 [http-nio-8091-exec-8] INFO  c.t.m.controller.DoctorController - get doctors list
2026-04-01 00:02:34.280 [http-nio-8091-exec-9] INFO  c.t.m.controller.DoctorController - get doctors list
2026-04-01 00:02:34.296 [http-nio-8091-exec-10] INFO  c.t.m.controller.DoctorController - get doctors list
2026-04-01 00:02:35.113 [http-nio-8091-exec-1] INFO  c.t.m.controller.DoctorController - Doctor logs
2026-04-01 00:02:35.126 [http-nio-8091-exec-2] INFO  c.t.m.controller.DoctorController - Doctor logs
2026-04-01 00:02:56.385 [AsyncResolver-bootstrap-executor-%d] INFO  c.n.d.s.r.aws.ConfigClusterResolver - Resolving eureka endpoints via configuration
2026-04-01 00:03:33.075 [http-nio-8091-exec-3] INFO  c.t.m.controller.DoctorController - get doctors list
2026-04-01 00:03:33.093 [http-nio-8091-exec-4] INFO  c.t.m.controller.DoctorController - get doctors list
2026-04-01 00:03:34.037 [http-nio-8091-exec-5] INFO  c.t.m.controller.DoctorController - get doctors list
2026-04-01 00:03:34.049 [http-nio-8091-exec-6] INFO  c.t.m.controller.DoctorController - get doctors list
2026-04-01 00:03:36.664 [http-nio-8091-exec-7] INFO  c.t.m.controller.DoctorController - get doctors list
2026-04-01 00:03:36.681 [http-nio-8091-exec-8] INFO  c.t.m.controller.DoctorController - get doctors list
2026-04-01 00:03:49.050 [http-nio-8091-exec-9] INFO  c.t.m.controller.DoctorController - get doctors list
2026-04-01 00:03:49.059 [http-nio-8091-exec-10] INFO  c.t.m.controller.DoctorController - get doctors list
2026-04-01 00:03:51.203 [http-nio-8091-exec-1] INFO  c.t.m.controller.DoctorController - get doctors list
2026-04-01 00:03:51.216 [http-nio-8091-exec-2] INFO  c.t.m.controller.DoctorController - get doctors list
2026-04-01 00:03:53.237 [http-nio-8091-exec-3] INFO  c.t.m.controller.DoctorController - get doctors list
2026-04-01 00:03:53.256 [http-nio-8091-exec-4] INFO  c.t.m.controller.DoctorController - get doctors list
2026-04-01 00:03:53.881 [http-nio-8091-exec-5] INFO  c.t.m.controller.DoctorController - Doctor logs
2026-04-01 00:03:53.893 [http-nio-8091-exec-6] INFO  c.t.m.controller.DoctorController - Doctor logs
2026-04-01 00:04:55.661 [http-nio-8091-exec-8] INFO  c.t.m.controller.DoctorController - get doctors list
2026-04-01 00:04:55.673 [http-nio-8091-exec-9] INFO  c.t.m.controller.DoctorController - get doctors list
2026-04-01 00:04:56.658 [http-nio-8091-exec-10] INFO  c.t.m.controller.DoctorController - get doctors list
2026-04-01 00:04:56.670 [http-nio-8091-exec-1] INFO  c.t.m.controller.DoctorController - get doctors list
2026-04-01 00:04:59.505 [http-nio-8091-exec-2] INFO  c.t.m.controller.DoctorController - get doctors list
2026-04-01 00:04:59.521 [http-nio-8091-exec-3] INFO  c.t.m.controller.DoctorController - get doctors list
2026-04-01 00:05:00.494 [http-nio-8091-exec-4] INFO  c.t.m.controller.DoctorController - Doctor logs
2026-04-01 00:05:00.506 [http-nio-8091-exec-5] INFO  c.t.m.controller.DoctorController - Doctor logs
2026-04-01 00:07:56.390 [AsyncResolver-bootstrap-executor-%d] INFO  c.n.d.s.r.aws.ConfigClusterResolver - Resolving eureka endpoints via configuration
2026-04-01 00:12:40.289 [SpringApplicationShutdownHook] INFO  o.s.c.n.e.s.EurekaServiceRegistry - Unregistering application DOCTOR-SERVICE with eureka with status DOWN
2026-04-01 00:12:40.291 [SpringApplicationShutdownHook] INFO  c.netflix.discovery.DiscoveryClient - Saw local status change event StatusChangeEvent [timestamp=1774998760291, current=DOWN, previous=UP]
2026-04-01 00:12:40.291 [DiscoveryClient-InstanceInfoReplicator-%d] INFO  c.netflix.discovery.DiscoveryClient - DiscoveryClient_DOCTOR-SERVICE/192.168.0.120:doctor-service:8091: registering service...
2026-04-01 00:12:40.297 [SpringApplicationShutdownHook] INFO  o.s.b.w.e.tomcat.GracefulShutdown - Commencing graceful shutdown. Waiting for active requests to complete
2026-04-01 00:12:40.299 [DiscoveryClient-InstanceInfoReplicator-%d] INFO  c.netflix.discovery.DiscoveryClient - DiscoveryClient_DOCTOR-SERVICE/192.168.0.120:doctor-service:8091 - registration status: 204
2026-04-01 00:12:40.300 [tomcat-shutdown] INFO  o.s.b.w.e.tomcat.GracefulShutdown - Graceful shutdown complete
2026-04-01 00:12:40.309 [SpringApplicationShutdownHook] INFO  o.s.o.j.LocalContainerEntityManagerFactoryBean - Closing JPA EntityManagerFactory for persistence unit 'default'
2026-04-01 00:12:40.311 [SpringApplicationShutdownHook] INFO  com.zaxxer.hikari.HikariDataSource - HikariPool-3 - Shutdown initiated...
2026-04-01 00:12:40.312 [SpringApplicationShutdownHook] INFO  com.zaxxer.hikari.HikariDataSource - HikariPool-3 - Shutdown completed.
2026-04-01 00:12:40.423 [SpringApplicationShutdownHook] INFO  c.netflix.discovery.DiscoveryClient - Shutting down DiscoveryClient ...
2026-04-01 00:12:43.428 [SpringApplicationShutdownHook] INFO  c.netflix.discovery.DiscoveryClient - Unregistering ...
2026-04-01 00:12:43.434 [SpringApplicationShutdownHook] INFO  c.netflix.discovery.DiscoveryClient - DiscoveryClient_DOCTOR-SERVICE/192.168.0.120:doctor-service:8091 - deregister  status: 200
2026-04-01 00:12:43.434 [SpringApplicationShutdownHook] INFO  c.netflix.discovery.DiscoveryClient - Completed shut down of DiscoveryClient
